c:\users\cezica\source\repos\project1\project1\x64\debug\vc142.pdb
c:\users\cezica\source\repos\project1\project1\x64\debug\vc142.idb
c:\users\cezica\source\repos\project1\project1\x64\debug\main.obj
c:\users\cezica\source\repos\project1\project1\x64\debug\gestionare.obj
c:\users\cezica\source\repos\project1\project1\x64\debug\cerereutilizatori.obj
c:\users\cezica\source\repos\project1\project1\x64\debug\cererestergeri.obj
c:\users\cezica\source\repos\project1\project1\x64\debug\cererelogare.obj
c:\users\cezica\source\repos\project1\project1\x64\debug\cererelistaasteptare.obj
c:\users\cezica\source\repos\project1\project1\x64\debug\cerereistoricdisp.obj
c:\users\cezica\source\repos\project1\project1\x64\debug\cerereistoriccl.obj
c:\users\cezica\source\repos\project1\project1\x64\debug\cerereistoricadm.obj
c:\users\cezica\source\repos\project1\project1\x64\debug\cerereinregistrare.obj
c:\users\cezica\source\repos\project1\project1\x64\debug\cereredispeceri.obj
c:\users\cezica\source\repos\project1\project1\x64\debug\cerereaddetalii.obj
c:\users\cezica\source\repos\project1\project1\x64\debug\cerereadapel.obj
c:\users\cezica\source\repos\project1\project1\x64\debug\b_d.obj
c:\users\cezica\source\repos\project1\x64\debug\project1.exe
c:\users\cezica\source\repos\project1\project1\x64\debug\project1.ilk
c:\users\cezica\source\repos\project1\x64\debug\project1.pdb
c:\users\cezica\source\repos\project1\x64\debug\project1.lib
c:\users\cezica\source\repos\project1\x64\debug\project1.exp
c:\users\cezica\source\repos\project1\project1\x64\debug\split.obj
c:\users\cezica\source\repos\project1\project1\x64\debug\project1.tlog\cl.command.1.tlog
c:\users\cezica\source\repos\project1\project1\x64\debug\project1.tlog\cl.read.1.tlog
c:\users\cezica\source\repos\project1\project1\x64\debug\project1.tlog\cl.write.1.tlog
c:\users\cezica\source\repos\project1\project1\x64\debug\project1.tlog\link.command.1.tlog
c:\users\cezica\source\repos\project1\project1\x64\debug\project1.tlog\link.read.1.tlog
c:\users\cezica\source\repos\project1\project1\x64\debug\project1.tlog\link.write.1.tlog
c:\users\cezica\source\repos\project1\project1\x64\debug\project1.tlog\project1.write.1u.tlog
