  Conexiune.cpp
D:\GitHub\Apeluri-de-urgenta\Server\Server\Conexiune.cpp(36,23): warning C4390: ';': empty controlled statement found; is this the intent?
  Fisiere.cpp
D:\GitHub\Apeluri-de-urgenta\Server\Server\Fisiere.cpp(13,17): warning C4834: discarding return value of function with 'nodiscard' attribute
  Logare.cpp
  Logare_Administrator.cpp
  Logare_Client.cpp
  Logare_Dispecer.cpp
  Source.cpp
  Generating Code...
Conexiune.obj : error LNK2019: unresolved external symbol "__declspec(dllimport) public: enum sf::Socket::Status __cdecl sf::TcpSocket::send(void const *,unsigned __int64)" (__imp_?send@TcpSocket@sf@@QEAA?AW4Status@Socket@2@PEBX_K@Z) referenced in function "public: void __cdecl Conexiune::start_comunicare(void)" (?start_comunicare@Conexiune@@QEAAXXZ)
Conexiune.obj : error LNK2019: unresolved external symbol "__declspec(dllimport) public: enum sf::Socket::Status __cdecl sf::TcpSocket::receive(void *,unsigned __int64,unsigned __int64 &)" (__imp_?receive@TcpSocket@sf@@QEAA?AW4Status@Socket@2@PEAX_KAEA_K@Z) referenced in function "public: void __cdecl Conexiune::start_comunicare(void)" (?start_comunicare@Conexiune@@QEAAXXZ)
Conexiune.obj : error LNK2019: unresolved external symbol "__declspec(dllimport) public: enum sf::Socket::Status __cdecl sf::TcpListener::listen(unsigned short,class sf::IpAddress const &)" (__imp_?listen@TcpListener@sf@@QEAA?AW4Status@Socket@2@GAEBVIpAddress@2@@Z) referenced in function "public: void __cdecl Conexiune::creaza_conexiune(void)" (?creaza_conexiune@Conexiune@@QEAAXXZ)
Conexiune.obj : error LNK2019: unresolved external symbol "__declspec(dllimport) public: enum sf::Socket::Status __cdecl sf::TcpListener::accept(class sf::TcpSocket &)" (__imp_?accept@TcpListener@sf@@QEAA?AW4Status@Socket@2@AEAVTcpSocket@2@@Z) referenced in function "public: void __cdecl Conexiune::creaza_conexiune(void)" (?creaza_conexiune@Conexiune@@QEAAXXZ)
Conexiune.obj : error LNK2019: unresolved external symbol "__declspec(dllimport) public: static class sf::IpAddress const sf::IpAddress::Any" (__imp_?Any@IpAddress@sf@@2V12@B) referenced in function "public: void __cdecl Conexiune::creaza_conexiune(void)" (?creaza_conexiune@Conexiune@@QEAAXXZ)
Source.obj : error LNK2019: unresolved external symbol "__declspec(dllimport) public: __cdecl sf::TcpSocket::TcpSocket(void)" (__imp_??0TcpSocket@sf@@QEAA@XZ) referenced in function "public: __cdecl Conexiune::Conexiune(void)" (??0Conexiune@@QEAA@XZ)
Source.obj : error LNK2019: unresolved external symbol "__declspec(dllimport) public: virtual __cdecl sf::TcpSocket::~TcpSocket(void)" (__imp_??1TcpSocket@sf@@UEAA@XZ) referenced in function "int `public: __cdecl Conexiune::Conexiune(void)'::`1'::dtor$0" (?dtor$0@?0???0Conexiune@@QEAA@XZ@4HA)
Source.obj : error LNK2019: unresolved external symbol "__declspec(dllimport) public: static class sf::IpAddress __cdecl sf::IpAddress::getLocalAddress(void)" (__imp_?getLocalAddress@IpAddress@sf@@SA?AV12@XZ) referenced in function "public: __cdecl Conexiune::Conexiune(void)" (??0Conexiune@@QEAA@XZ)
Source.obj : error LNK2019: unresolved external symbol "__declspec(dllimport) public: __cdecl sf::TcpListener::TcpListener(void)" (__imp_??0TcpListener@sf@@QEAA@XZ) referenced in function "public: __cdecl Conexiune::Conexiune(void)" (??0Conexiune@@QEAA@XZ)
Source.obj : error LNK2019: unresolved external symbol "__declspec(dllimport) public: virtual __cdecl sf::TcpListener::~TcpListener(void)" (__imp_??1TcpListener@sf@@UEAA@XZ) referenced in function "public: __cdecl Conexiune::~Conexiune(void)" (??1Conexiune@@QEAA@XZ)
C:\SFML-2.5.1-32\lib\sfml-audio.lib : warning LNK4272: library machine type 'x86' conflicts with target machine type 'x64'
C:\SFML-2.5.1-32\lib\sfml-graphics.lib : warning LNK4272: library machine type 'x86' conflicts with target machine type 'x64'
C:\SFML-2.5.1-32\lib\sfml-window.lib : warning LNK4272: library machine type 'x86' conflicts with target machine type 'x64'
C:\SFML-2.5.1-32\lib\sfml-system.lib : warning LNK4272: library machine type 'x86' conflicts with target machine type 'x64'
C:\SFML-2.5.1-32\lib\sfml-main.lib : warning LNK4272: library machine type 'x86' conflicts with target machine type 'x64'
C:\SFML-2.5.1-32\lib\sfml-network.lib : warning LNK4272: library machine type 'x86' conflicts with target machine type 'x64'
D:\GitHub\Apeluri-de-urgenta\Server\x64\Debug\Server.exe : fatal error LNK1120: 10 unresolved externals
