c:\users\cezica\documents\apeluri_urg\ui_addisp.h
c:\users\cezica\documents\apeluri_urg\ui_apel.h
c:\users\cezica\documents\apeluri_urg\ui_detaliiapel.h
c:\users\cezica\documents\apeluri_urg\ui_detalii_suplimentare.h
c:\users\cezica\documents\apeluri_urg\ui_primapag.h
c:\users\cezica\documents\apeluri_urg\debug\moc_addisp.cpp
c:\users\cezica\documents\apeluri_urg\debug\moc_apel.cpp
c:\users\cezica\documents\apeluri_urg\debug\moc_detalii_suplimentare.cpp
c:\users\cezica\documents\apeluri_urg\debug\moc_detaliiapel.cpp
c:\users\cezica\documents\apeluri_urg\debug\moc_primapag.cpp
c:\users\cezica\documents\apeluri_urg\debug\cerereistoricdisp.obj
c:\users\cezica\documents\apeluri_urg\debug\detalii_suplimentare.obj
c:\users\cezica\documents\apeluri_urg\debug\apel.obj
c:\users\cezica\documents\apeluri_urg\debug\cererelog.obj
c:\users\cezica\documents\apeluri_urg\debug\cerereinreg.obj
c:\users\cezica\documents\apeluri_urg\debug\conexiune.obj
c:\users\cezica\documents\apeluri_urg\debug\addisp.obj
c:\users\cezica\documents\apeluri_urg\debug\cererestergeri.obj
c:\users\cezica\documents\apeluri_urg\debug\cerereistoriccl.obj
c:\users\cezica\documents\apeluri_urg\debug\main.obj
c:\users\cezica\documents\apeluri_urg\debug\cerereapel.obj
c:\users\cezica\documents\apeluri_urg\debug\cerereutilz.obj
c:\users\cezica\documents\apeluri_urg\debug\cereredisp.obj
c:\users\cezica\documents\apeluri_urg\debug\icerere.obj
c:\users\cezica\documents\apeluri_urg\debug\cerereistoricadm.obj
c:\users\cezica\documents\apeluri_urg\debug\detaliiapel.obj
c:\users\cezica\documents\apeluri_urg\debug\moc_predefs.h
c:\users\cezica\documents\apeluri_urg\debug\vc142.pdb
c:\users\cezica\documents\apeluri_urg\debug\apeluri_urg.tlog\apeluri_urg.write.1u.tlog
c:\users\cezica\documents\apeluri_urg\debug\apeluri_urg.tlog\cl.13752.write.1.tlog
c:\users\cezica\documents\apeluri_urg\debug\apeluri_urg.tlog\cl.command.1.tlog
c:\users\cezica\documents\apeluri_urg\debug\apeluri_urg.tlog\cl.read.1.tlog
c:\users\cezica\documents\apeluri_urg\debug\apeluri_urg.tlog\custombuild.command.1.tlog
c:\users\cezica\documents\apeluri_urg\debug\apeluri_urg.tlog\custombuild.read.1.tlog
c:\users\cezica\documents\apeluri_urg\debug\apeluri_urg.tlog\custombuild.write.1.tlog
c:\users\cezica\documents\apeluri_urg\debug\apeluri_urg.tlog\moc.read.1u.tlog
c:\users\cezica\documents\apeluri_urg\debug\apeluri_urg.tlog\moc.write.1u.tlog
c:\users\cezica\documents\apeluri_urg\debug\apeluri_urg.tlog\uic.read.1u.tlog
c:\users\cezica\documents\apeluri_urg\debug\apeluri_urg.tlog\uic.write.1u.tlog
